Build started 11/14/2013 2:35:00 PM.
     1>Project "C:\Users\lukepier\Dropbox\TA\Lectures\Lecture 13 - Multi-File Compile\Lecture_Example\Example_2_B\Example_2_B.vcxproj" on node 2 (build target(s)).
     1>InitializeBuildStatus:
         Creating "Debug\Example_2_B.unsuccessfulbuild" because "AlwaysCreate" was specified.
       ClCompile:
         c:\Program Files (x86)\Microsoft Visual Studio 10.0\VC\bin\CL.exe /c /ZI /nologo /W3 /WX- /Od /Oy- /D WIN32 /D _DEBUG /D _CONSOLE /D _UNICODE /D UNICODE /Gm /EHsc /RTC1 /MDd /GS /fp:precise /Zc:wchar_t /Zc:forScope /Fo"Debug\\" /Fd"Debug\vc100.pdb" /Gd /TP /analyze- /errorReport:prompt main.cpp
         main.cpp
     1>c:\program files (x86)\microsoft visual studio 10.0\vc\include\xlocmon(16): error C2870: 'std' : a namespace definition must appear either at file scope or immediately within another namespace definition
     1>c:\program files (x86)\microsoft visual studio 10.0\vc\include\xlocmon(35): fatal error C1903: unable to recover from previous error(s); stopping compilation
     1>Done Building Project "C:\Users\lukepier\Dropbox\TA\Lectures\Lecture 13 - Multi-File Compile\Lecture_Example\Example_2_B\Example_2_B.vcxproj" (build target(s)) -- FAILED.

Build FAILED.

Time Elapsed 00:00:04.24
